TN:
SF:C:/Users/NGGA/Documents/mydiaryapp/entryRoute.js
FNF:0
FNH:0
DA:1,1
DA:2,1
DA:3,1
DA:4,1
DA:7,1
DA:9,1
DA:11,1
DA:13,1
DA:15,1
DA:17,1
LF:10
LH:10
BRF:0
BRH:0
end_of_record
TN:
SF:C:/Users/NGGA/Documents/mydiaryapp/entrycontroller.js
FN:11,validateEntry
FN:20,viewAll
FN:25,view
FN:26,(anonymous_4)
FN:37,create
FN:55,update
FN:58,(anonymous_7)
FN:83,remove
FN:87,(anonymous_9)
FNF:9
FNH:9
FNDA:2,validateEntry
FNDA:1,viewAll
FNDA:1,view
FNDA:1,(anonymous_4)
FNDA:1,create
FNDA:1,update
FNDA:1,(anonymous_7)
FNDA:1,remove
FNDA:4,(anonymous_9)
DA:1,1
DA:2,1
DA:3,1
DA:5,1
DA:12,2
DA:16,2
DA:20,1
DA:21,1
DA:25,1
DA:26,1
DA:27,1
DA:30,1
DA:31,0
DA:32,0
DA:34,1
DA:37,1
DA:38,1
DA:40,1
DA:41,0
DA:42,0
DA:45,1
DA:46,1
DA:51,1
DA:52,1
DA:55,1
DA:58,1
DA:59,1
DA:62,1
DA:63,0
DA:64,0
DA:70,1
DA:72,1
DA:73,0
DA:74,0
DA:79,1
DA:80,1
DA:83,1
DA:87,1
DA:88,4
DA:91,1
DA:92,0
DA:93,0
DA:97,1
DA:98,1
DA:101,1
DA:104,1
LF:46
LH:36
BRDA:30,0,0,0
BRDA:30,0,1,1
BRDA:40,1,0,0
BRDA:40,1,1,1
BRDA:62,2,0,0
BRDA:62,2,1,1
BRDA:72,3,0,0
BRDA:72,3,1,1
BRDA:91,4,0,0
BRDA:91,4,1,1
BRF:10
BRH:5
end_of_record
TN:
SF:C:/Users/NGGA/Documents/mydiaryapp/index.js
FN:12,(anonymous_1)
FN:19,(anonymous_2)
FNF:2
FNH:1
FNDA:0,(anonymous_1)
FNDA:1,(anonymous_2)
DA:1,1
DA:2,1
DA:3,1
DA:4,1
DA:6,1
DA:8,1
DA:9,1
DA:10,1
DA:12,1
DA:13,0
DA:18,1
DA:19,1
DA:20,1
DA:24,1
LF:14
LH:13
BRDA:18,0,0,1
BRDA:18,0,1,1
BRF:2
BRH:2
end_of_record
